<?xml version="1.0" encoding="UTF-8"?>
<testsuite name="ru.nsu.ccfit.khudyakov.lab3.osm.nodes.NodeServiceIntegrationTest" tests="3" skipped="0" failures="0" errors="0" timestamp="2021-04-27T18:17:54" hostname="daniel-X756UQ" time="0.647">
  <properties/>
  <testcase name="nodeService_deleteNodeCheckTagForAnother_tagStillExist()" classname="ru.nsu.ccfit.khudyakov.lab3.osm.nodes.NodeServiceIntegrationTest" time="0.574"/>
  <testcase name="nodeService_saveNodeWithUpdateAlreadySavedChildTag_childMerged()" classname="ru.nsu.ccfit.khudyakov.lab3.osm.nodes.NodeServiceIntegrationTest" time="0.045"/>
  <testcase name="nodeService_saveNodeWithUnsavedChildTag_childSaved()" classname="ru.nsu.ccfit.khudyakov.lab3.osm.nodes.NodeServiceIntegrationTest" time="0.026"/>
  <system-out><![CDATA[01:17:39.350 [Test worker] DEBUG org.springframework.test.context.BootstrapUtils - Instantiating CacheAwareContextLoaderDelegate from class [org.springframework.test.context.cache.DefaultCacheAwareContextLoaderDelegate]
01:17:39.911 [Test worker] DEBUG org.springframework.test.context.BootstrapUtils - Instantiating BootstrapContext using constructor [public org.springframework.test.context.support.DefaultBootstrapContext(java.lang.Class,org.springframework.test.context.CacheAwareContextLoaderDelegate)]
01:17:40.524 [Test worker] DEBUG org.springframework.test.context.BootstrapUtils - Instantiating TestContextBootstrapper for test class [ru.nsu.ccfit.khudyakov.lab3.osm.nodes.NodeServiceIntegrationTest] from class [org.springframework.boot.test.context.SpringBootTestContextBootstrapper]
01:17:40.757 [Test worker] INFO org.springframework.boot.test.context.SpringBootTestContextBootstrapper - Neither @ContextConfiguration nor @ContextHierarchy found for test class [ru.nsu.ccfit.khudyakov.lab3.osm.nodes.NodeServiceIntegrationTest], using SpringBootContextLoader
01:17:40.779 [Test worker] DEBUG org.springframework.test.context.support.AbstractContextLoader - Did not detect default resource location for test class [ru.nsu.ccfit.khudyakov.lab3.osm.nodes.NodeServiceIntegrationTest]: class path resource [ru/nsu/ccfit/khudyakov/lab3/osm/nodes/NodeServiceIntegrationTest-context.xml] does not exist
01:17:40.780 [Test worker] DEBUG org.springframework.test.context.support.AbstractContextLoader - Did not detect default resource location for test class [ru.nsu.ccfit.khudyakov.lab3.osm.nodes.NodeServiceIntegrationTest]: class path resource [ru/nsu/ccfit/khudyakov/lab3/osm/nodes/NodeServiceIntegrationTestContext.groovy] does not exist
01:17:40.780 [Test worker] INFO org.springframework.test.context.support.AbstractContextLoader - Could not detect default resource locations for test class [ru.nsu.ccfit.khudyakov.lab3.osm.nodes.NodeServiceIntegrationTest]: no resource found for suffixes {-context.xml, Context.groovy}.
01:17:40.782 [Test worker] INFO org.springframework.test.context.support.AnnotationConfigContextLoaderUtils - Could not detect default configuration classes for test class [ru.nsu.ccfit.khudyakov.lab3.osm.nodes.NodeServiceIntegrationTest]: NodeServiceIntegrationTest does not declare any static, non-private, non-final, nested classes annotated with @Configuration.
01:17:41.415 [Test worker] DEBUG org.springframework.context.annotation.ClassPathScanningCandidateComponentProvider - Identified candidate component class: file [/home/daniel/Projects/distributed-systems-lab3/build/classes/java/main/ru/nsu/ccfit/khudyakov/lab3/MainApplication.class]
01:17:41.416 [Test worker] INFO org.springframework.boot.test.context.SpringBootTestContextBootstrapper - Found @SpringBootConfiguration ru.nsu.ccfit.khudyakov.lab3.MainApplication for test class ru.nsu.ccfit.khudyakov.lab3.osm.nodes.NodeServiceIntegrationTest
01:17:41.686 [Test worker] DEBUG org.springframework.boot.test.context.SpringBootTestContextBootstrapper - @TestExecutionListeners is not present for class [ru.nsu.ccfit.khudyakov.lab3.osm.nodes.NodeServiceIntegrationTest]: using defaults.
01:17:41.687 [Test worker] INFO org.springframework.boot.test.context.SpringBootTestContextBootstrapper - Loaded default TestExecutionListener class names from location [META-INF/spring.factories]: [org.springframework.boot.test.autoconfigure.restdocs.RestDocsTestExecutionListener, org.springframework.boot.test.autoconfigure.web.client.MockRestServiceServerResetTestExecutionListener, org.springframework.boot.test.autoconfigure.web.servlet.MockMvcPrintOnlyOnFailureTestExecutionListener, org.springframework.boot.test.autoconfigure.web.servlet.WebDriverTestExecutionListener, org.springframework.boot.test.autoconfigure.webservices.client.MockWebServiceServerTestExecutionListener, org.springframework.boot.test.mock.mockito.MockitoTestExecutionListener, org.springframework.boot.test.mock.mockito.ResetMocksTestExecutionListener, org.springframework.test.context.web.ServletTestExecutionListener, org.springframework.test.context.support.DirtiesContextBeforeModesTestExecutionListener, org.springframework.test.context.event.ApplicationEventsTestExecutionListener, org.springframework.test.context.support.DependencyInjectionTestExecutionListener, org.springframework.test.context.support.DirtiesContextTestExecutionListener, org.springframework.test.context.transaction.TransactionalTestExecutionListener, org.springframework.test.context.jdbc.SqlScriptsTestExecutionListener, org.springframework.test.context.event.EventPublishingTestExecutionListener]
01:17:41.791 [Test worker] INFO org.springframework.boot.test.context.SpringBootTestContextBootstrapper - Using TestExecutionListeners: [org.springframework.test.context.web.ServletTestExecutionListener@7e58d76f, org.springframework.test.context.support.DirtiesContextBeforeModesTestExecutionListener@404d1187, org.springframework.test.context.event.ApplicationEventsTestExecutionListener@7cf3a233, org.springframework.boot.test.mock.mockito.MockitoTestExecutionListener@60e112ea, org.springframework.boot.test.autoconfigure.SpringBootDependencyInjectionTestExecutionListener@583a4236, org.springframework.test.context.support.DirtiesContextTestExecutionListener@7053b19f, org.springframework.test.context.transaction.TransactionalTestExecutionListener@1150679c, org.springframework.test.context.jdbc.SqlScriptsTestExecutionListener@79ce411e, org.springframework.test.context.event.EventPublishingTestExecutionListener@73ef97e3, org.springframework.boot.test.autoconfigure.restdocs.RestDocsTestExecutionListener@1edd0f48, org.springframework.boot.test.autoconfigure.web.client.MockRestServiceServerResetTestExecutionListener@ca3f788, org.springframework.boot.test.autoconfigure.web.servlet.MockMvcPrintOnlyOnFailureTestExecutionListener@76e91b3, org.springframework.boot.test.autoconfigure.web.servlet.WebDriverTestExecutionListener@8315e32, org.springframework.boot.test.autoconfigure.webservices.client.MockWebServiceServerTestExecutionListener@7ee0a733, org.springframework.boot.test.mock.mockito.ResetMocksTestExecutionListener@6d6c10d0]
01:17:41.824 [Test worker] DEBUG org.springframework.test.context.support.AbstractDirtiesContextTestExecutionListener - Before test class: context [DefaultTestContext@56e2a216 testClass = NodeServiceIntegrationTest, testInstance = [null], testMethod = [null], testException = [null], mergedContextConfiguration = [WebMergedContextConfiguration@678f6df2 testClass = NodeServiceIntegrationTest, locations = '{}', classes = '{class ru.nsu.ccfit.khudyakov.lab3.MainApplication}', contextInitializerClasses = '[]', activeProfiles = '{test}', propertySourceLocations = '{}', propertySourceProperties = '{org.springframework.boot.test.context.SpringBootTestContextBootstrapper=true}', contextCustomizers = set[org.springframework.boot.test.autoconfigure.actuate.metrics.MetricsExportContextCustomizerFactory$DisableMetricExportContextCustomizer@1e06c476, org.springframework.boot.test.autoconfigure.properties.PropertyMappingContextCustomizer@0, org.springframework.boot.test.autoconfigure.web.servlet.WebDriverContextCustomizerFactory$Customizer@50c13e63, org.springframework.boot.test.context.filter.ExcludeFilterContextCustomizer@58c46875, org.springframework.boot.test.json.DuplicateJsonObjectContextCustomizerFactory$DuplicateJsonObjectContextCustomizer@9225de0, org.springframework.boot.test.mock.mockito.MockitoContextCustomizer@0, org.springframework.boot.test.web.client.TestRestTemplateContextCustomizer@7eb4eb7c, org.springframework.boot.test.context.SpringBootTestArgs@1, org.springframework.boot.test.context.SpringBootTestWebEnvironment@4de20b91], resourceBasePath = 'src/main/webapp', contextLoader = 'org.springframework.boot.test.context.SpringBootContextLoader', parent = [null]], attributes = map['org.springframework.test.context.web.ServletTestExecutionListener.activateListener' -> true]], class annotated with @DirtiesContext [false] with mode [null].
01:17:41.918 [Test worker] DEBUG org.springframework.core.env.StandardEnvironment - Activating profiles [test]
01:17:41.924 [Test worker] DEBUG org.springframework.test.context.support.TestPropertySourceUtils - Adding inlined properties to environment: {spring.jmx.enabled=false, org.springframework.boot.test.context.SpringBootTestContextBootstrapper=true}

  .   ____          _            __ _ _
 /\\ / ___'_ __ _ _(_)_ __  __ _ \ \ \ \
( ( )\___ | '_ | '_| | '_ \/ _` | \ \ \ \
 \\/  ___)| |_)| | | | | || (_| |  ) ) ) )
  '  |____| .__|_| |_|_| |_\__, | / / / /
 =========|_|==============|___/=/_/_/_/
 :: Spring Boot ::                (v2.4.5)

2021-04-28 01:17:43.112  INFO 5778 --- [    Test worker] r.n.c.k.l.o.n.NodeServiceIntegrationTest : Starting NodeServiceIntegrationTest using Java 11.0.10 on daniel-X756UQ with PID 5778 (started by daniel in /home/daniel/Projects/distributed-systems-lab3)
2021-04-28 01:17:43.116  INFO 5778 --- [    Test worker] r.n.c.k.l.o.n.NodeServiceIntegrationTest : The following profiles are active: test
2021-04-28 01:17:43.352 DEBUG 5778 --- [    Test worker] o.s.w.c.s.GenericWebApplicationContext   : Refreshing org.springframework.web.context.support.GenericWebApplicationContext@1207ad3b
2021-04-28 01:17:45.887  INFO 5778 --- [    Test worker] .s.d.r.c.RepositoryConfigurationDelegate : Bootstrapping Spring Data JPA repositories in DEFAULT mode.
2021-04-28 01:17:45.989  INFO 5778 --- [    Test worker] .s.d.r.c.RepositoryConfigurationDelegate : Finished Spring Data repository scanning in 92 ms. Found 2 JPA repository interfaces.
2021-04-28 01:17:48.281  INFO 5778 --- [    Test worker] com.zaxxer.hikari.HikariDataSource       : HikariPool-1 - Starting...
2021-04-28 01:17:48.809  INFO 5778 --- [    Test worker] com.zaxxer.hikari.HikariDataSource       : HikariPool-1 - Start completed.
Hibernate: create table node (id int8 not null, change_set int8, latitude float8, longitude float8, owner varchar(255), timestamp timestamp, uid int8, version int8, visible boolean, primary key (id))
Hibernate: create table tag (key varchar(255) not null, value varchar(255) not null, primary key (key, value))
Hibernate: create table tag_nodes (tags_key varchar(255) not null, tags_value varchar(255) not null, nodes_id int8 not null, primary key (tags_key, tags_value, nodes_id))
Hibernate: alter table tag_nodes add constraint FK521btkv8qh0x5nahkr270gy7l foreign key (nodes_id) references node
Hibernate: alter table tag_nodes add constraint FKil8q7h9lulihl5y1f9vvsbtrp foreign key (tags_key, tags_value) references tag
2021-04-28 01:17:51.918  INFO 5778 --- [    Test worker] j.LocalContainerEntityManagerFactoryBean : Initialized JPA EntityManagerFactory for persistence unit 'default'
2021-04-28 01:17:53.482  WARN 5778 --- [    Test worker] JpaBaseConfiguration$JpaWebConfiguration : spring.jpa.open-in-view is enabled by default. Therefore, database queries may be performed during view rendering. Explicitly configure spring.jpa.open-in-view to disable this warning
2021-04-28 01:17:53.894  INFO 5778 --- [    Test worker] o.s.s.concurrent.ThreadPoolTaskExecutor  : Initializing ExecutorService 'applicationTaskExecutor'
2021-04-28 01:17:53.940 DEBUG 5778 --- [    Test worker] s.w.s.m.m.a.RequestMappingHandlerAdapter : ControllerAdvice beans: 0 @ModelAttribute, 0 @InitBinder, 1 RequestBodyAdvice, 1 ResponseBodyAdvice
2021-04-28 01:17:54.082 DEBUG 5778 --- [    Test worker] s.w.s.m.m.a.RequestMappingHandlerMapping : 7 mappings in 'requestMappingHandlerMapping'
2021-04-28 01:17:54.180 DEBUG 5778 --- [    Test worker] o.s.w.s.handler.SimpleUrlHandlerMapping  : Patterns [/webjars/**, /**] in 'resourceHandlerMapping'
2021-04-28 01:17:54.229 DEBUG 5778 --- [    Test worker] .m.m.a.ExceptionHandlerExceptionResolver : ControllerAdvice beans: 1 @ExceptionHandler, 1 ResponseBodyAdvice
2021-04-28 01:17:54.417  INFO 5778 --- [    Test worker] r.n.c.k.l.o.n.NodeServiceIntegrationTest : Started NodeServiceIntegrationTest in 12.449 seconds (JVM running for 22.742)
2021-04-28 01:17:54.460  INFO 5778 --- [    Test worker] o.s.t.c.transaction.TransactionContext   : Began transaction (1) for test context [DefaultTestContext@56e2a216 testClass = NodeServiceIntegrationTest, testInstance = ru.nsu.ccfit.khudyakov.lab3.osm.nodes.NodeServiceIntegrationTest@1ced8c90, testMethod = nodeService_deleteNodeCheckTagForAnother_tagStillExist@NodeServiceIntegrationTest, testException = [null], mergedContextConfiguration = [WebMergedContextConfiguration@678f6df2 testClass = NodeServiceIntegrationTest, locations = '{}', classes = '{class ru.nsu.ccfit.khudyakov.lab3.MainApplication}', contextInitializerClasses = '[]', activeProfiles = '{test}', propertySourceLocations = '{}', propertySourceProperties = '{org.springframework.boot.test.context.SpringBootTestContextBootstrapper=true}', contextCustomizers = set[org.springframework.boot.test.autoconfigure.actuate.metrics.MetricsExportContextCustomizerFactory$DisableMetricExportContextCustomizer@1e06c476, org.springframework.boot.test.autoconfigure.properties.PropertyMappingContextCustomizer@0, org.springframework.boot.test.autoconfigure.web.servlet.WebDriverContextCustomizerFactory$Customizer@50c13e63, org.springframework.boot.test.context.filter.ExcludeFilterContextCustomizer@58c46875, org.springframework.boot.test.json.DuplicateJsonObjectContextCustomizerFactory$DuplicateJsonObjectContextCustomizer@9225de0, org.springframework.boot.test.mock.mockito.MockitoContextCustomizer@0, org.springframework.boot.test.web.client.TestRestTemplateContextCustomizer@7eb4eb7c, org.springframework.boot.test.context.SpringBootTestArgs@1, org.springframework.boot.test.context.SpringBootTestWebEnvironment@4de20b91], resourceBasePath = 'src/main/webapp', contextLoader = 'org.springframework.boot.test.context.SpringBootContextLoader', parent = [null]], attributes = map['org.springframework.test.context.web.ServletTestExecutionListener.activateListener' -> true, 'org.springframework.test.context.web.ServletTestExecutionListener.populatedRequestContextHolder' -> true, 'org.springframework.test.context.web.ServletTestExecutionListener.resetRequestContextHolder' -> true, 'org.springframework.test.context.event.ApplicationEventsTestExecutionListener.recordApplicationEvents' -> false]]; transaction manager [org.springframework.orm.jpa.JpaTransactionManager@8a7d426]; rollback [true]
Hibernate: select node0_.id as id1_0_0_, node0_.change_set as change_s2_0_0_, node0_.latitude as latitude3_0_0_, node0_.longitude as longitud4_0_0_, node0_.owner as owner5_0_0_, node0_.timestamp as timestam6_0_0_, node0_.uid as uid7_0_0_, node0_.version as version8_0_0_, node0_.visible as visible9_0_0_ from node node0_ where node0_.id=?
Hibernate: select tag0_.key as key1_1_0_, tag0_.value as value2_1_0_ from tag tag0_ where tag0_.key=? and tag0_.value=?
Hibernate: select node0_.id as id1_0_1_, node0_.change_set as change_s2_0_1_, node0_.latitude as latitude3_0_1_, node0_.longitude as longitud4_0_1_, node0_.owner as owner5_0_1_, node0_.timestamp as timestam6_0_1_, node0_.uid as uid7_0_1_, node0_.version as version8_0_1_, node0_.visible as visible9_0_1_, tags1_.nodes_id as nodes_id3_2_3_, tag2_.key as tags_key1_2_3_, tag2_.value as tags_val2_2_3_, tag2_.key as key1_1_0_, tag2_.value as value2_1_0_ from node node0_ left outer join tag_nodes tags1_ on node0_.id=tags1_.nodes_id left outer join tag tag2_ on tags1_.tags_key=tag2_.key and tags1_.tags_value=tag2_.value where node0_.id=?
Hibernate: select tag0_.key as key1_1_0_, tag0_.value as value2_1_0_ from tag tag0_ where tag0_.key=? and tag0_.value=?
Hibernate: select node0_.id as id1_0_0_, node0_.change_set as change_s2_0_0_, node0_.latitude as latitude3_0_0_, node0_.longitude as longitud4_0_0_, node0_.owner as owner5_0_0_, node0_.timestamp as timestam6_0_0_, node0_.uid as uid7_0_0_, node0_.version as version8_0_0_, node0_.visible as visible9_0_0_ from node node0_ where node0_.id=?
Hibernate: select tag0_.key as key1_1_0_, tag0_.value as value2_1_0_ from tag tag0_ where tag0_.key=? and tag0_.value=?
Hibernate: select node0_.id as id1_0_1_, node0_.change_set as change_s2_0_1_, node0_.latitude as latitude3_0_1_, node0_.longitude as longitud4_0_1_, node0_.owner as owner5_0_1_, node0_.timestamp as timestam6_0_1_, node0_.uid as uid7_0_1_, node0_.version as version8_0_1_, node0_.visible as visible9_0_1_, tags1_.nodes_id as nodes_id3_2_3_, tag2_.key as tags_key1_2_3_, tag2_.value as tags_val2_2_3_, tag2_.key as key1_1_0_, tag2_.value as value2_1_0_ from node node0_ left outer join tag_nodes tags1_ on node0_.id=tags1_.nodes_id left outer join tag tag2_ on tags1_.tags_key=tag2_.key and tags1_.tags_value=tag2_.value where node0_.id=?
Hibernate: select tag0_.key as key1_1_0_, tag0_.value as value2_1_0_ from tag tag0_ where tag0_.key=? and tag0_.value=?
Hibernate: insert into node (change_set, latitude, longitude, owner, timestamp, uid, version, visible, id) values (?, ?, ?, ?, ?, ?, ?, ?, ?)
Hibernate: insert into tag (key, value) values (?, ?)
Hibernate: insert into node (change_set, latitude, longitude, owner, timestamp, uid, version, visible, id) values (?, ?, ?, ?, ?, ?, ?, ?, ?)
Hibernate: insert into tag (key, value) values (?, ?)
Hibernate: insert into tag_nodes (tags_key, tags_value, nodes_id) values (?, ?, ?)
Hibernate: insert into tag_nodes (tags_key, tags_value, nodes_id) values (?, ?, ?)
Hibernate: delete from node where id=?
Hibernate: select count(*) as col_0_0_ from node node0_ where node0_.id=?
2021-04-28 01:17:55.010  INFO 5778 --- [    Test worker] o.s.t.c.transaction.TransactionContext   : Rolled back transaction for test: [DefaultTestContext@56e2a216 testClass = NodeServiceIntegrationTest, testInstance = ru.nsu.ccfit.khudyakov.lab3.osm.nodes.NodeServiceIntegrationTest@1ced8c90, testMethod = nodeService_deleteNodeCheckTagForAnother_tagStillExist@NodeServiceIntegrationTest, testException = [null], mergedContextConfiguration = [WebMergedContextConfiguration@678f6df2 testClass = NodeServiceIntegrationTest, locations = '{}', classes = '{class ru.nsu.ccfit.khudyakov.lab3.MainApplication}', contextInitializerClasses = '[]', activeProfiles = '{test}', propertySourceLocations = '{}', propertySourceProperties = '{org.springframework.boot.test.context.SpringBootTestContextBootstrapper=true}', contextCustomizers = set[org.springframework.boot.test.autoconfigure.actuate.metrics.MetricsExportContextCustomizerFactory$DisableMetricExportContextCustomizer@1e06c476, org.springframework.boot.test.autoconfigure.properties.PropertyMappingContextCustomizer@0, org.springframework.boot.test.autoconfigure.web.servlet.WebDriverContextCustomizerFactory$Customizer@50c13e63, org.springframework.boot.test.context.filter.ExcludeFilterContextCustomizer@58c46875, org.springframework.boot.test.json.DuplicateJsonObjectContextCustomizerFactory$DuplicateJsonObjectContextCustomizer@9225de0, org.springframework.boot.test.mock.mockito.MockitoContextCustomizer@0, org.springframework.boot.test.web.client.TestRestTemplateContextCustomizer@7eb4eb7c, org.springframework.boot.test.context.SpringBootTestArgs@1, org.springframework.boot.test.context.SpringBootTestWebEnvironment@4de20b91], resourceBasePath = 'src/main/webapp', contextLoader = 'org.springframework.boot.test.context.SpringBootContextLoader', parent = [null]], attributes = map['org.springframework.test.context.web.ServletTestExecutionListener.activateListener' -> true, 'org.springframework.test.context.web.ServletTestExecutionListener.populatedRequestContextHolder' -> true, 'org.springframework.test.context.web.ServletTestExecutionListener.resetRequestContextHolder' -> true, 'org.springframework.test.context.event.ApplicationEventsTestExecutionListener.recordApplicationEvents' -> false]]
2021-04-28 01:17:55.020  INFO 5778 --- [    Test worker] o.s.t.c.transaction.TransactionContext   : Began transaction (1) for test context [DefaultTestContext@56e2a216 testClass = NodeServiceIntegrationTest, testInstance = ru.nsu.ccfit.khudyakov.lab3.osm.nodes.NodeServiceIntegrationTest@7d14bedd, testMethod = nodeService_saveNodeWithUpdateAlreadySavedChildTag_childMerged@NodeServiceIntegrationTest, testException = [null], mergedContextConfiguration = [WebMergedContextConfiguration@678f6df2 testClass = NodeServiceIntegrationTest, locations = '{}', classes = '{class ru.nsu.ccfit.khudyakov.lab3.MainApplication}', contextInitializerClasses = '[]', activeProfiles = '{test}', propertySourceLocations = '{}', propertySourceProperties = '{org.springframework.boot.test.context.SpringBootTestContextBootstrapper=true}', contextCustomizers = set[org.springframework.boot.test.autoconfigure.actuate.metrics.MetricsExportContextCustomizerFactory$DisableMetricExportContextCustomizer@1e06c476, org.springframework.boot.test.autoconfigure.properties.PropertyMappingContextCustomizer@0, org.springframework.boot.test.autoconfigure.web.servlet.WebDriverContextCustomizerFactory$Customizer@50c13e63, org.springframework.boot.test.context.filter.ExcludeFilterContextCustomizer@58c46875, org.springframework.boot.test.json.DuplicateJsonObjectContextCustomizerFactory$DuplicateJsonObjectContextCustomizer@9225de0, org.springframework.boot.test.mock.mockito.MockitoContextCustomizer@0, org.springframework.boot.test.web.client.TestRestTemplateContextCustomizer@7eb4eb7c, org.springframework.boot.test.context.SpringBootTestArgs@1, org.springframework.boot.test.context.SpringBootTestWebEnvironment@4de20b91], resourceBasePath = 'src/main/webapp', contextLoader = 'org.springframework.boot.test.context.SpringBootContextLoader', parent = [null]], attributes = map['org.springframework.test.context.web.ServletTestExecutionListener.activateListener' -> true, 'org.springframework.test.context.web.ServletTestExecutionListener.populatedRequestContextHolder' -> true, 'org.springframework.test.context.web.ServletTestExecutionListener.resetRequestContextHolder' -> true, 'org.springframework.test.context.event.ApplicationEventsTestExecutionListener.recordApplicationEvents' -> false]]; transaction manager [org.springframework.orm.jpa.JpaTransactionManager@8a7d426]; rollback [true]
Hibernate: select node0_.id as id1_0_0_, node0_.change_set as change_s2_0_0_, node0_.latitude as latitude3_0_0_, node0_.longitude as longitud4_0_0_, node0_.owner as owner5_0_0_, node0_.timestamp as timestam6_0_0_, node0_.uid as uid7_0_0_, node0_.version as version8_0_0_, node0_.visible as visible9_0_0_ from node node0_ where node0_.id=?
Hibernate: select tag0_.key as key1_1_0_, tag0_.value as value2_1_0_ from tag tag0_ where tag0_.key=? and tag0_.value=?
Hibernate: select node0_.id as id1_0_1_, node0_.change_set as change_s2_0_1_, node0_.latitude as latitude3_0_1_, node0_.longitude as longitud4_0_1_, node0_.owner as owner5_0_1_, node0_.timestamp as timestam6_0_1_, node0_.uid as uid7_0_1_, node0_.version as version8_0_1_, node0_.visible as visible9_0_1_, tags1_.nodes_id as nodes_id3_2_3_, tag2_.key as tags_key1_2_3_, tag2_.value as tags_val2_2_3_, tag2_.key as key1_1_0_, tag2_.value as value2_1_0_ from node node0_ left outer join tag_nodes tags1_ on node0_.id=tags1_.nodes_id left outer join tag tag2_ on tags1_.tags_key=tag2_.key and tags1_.tags_value=tag2_.value where node0_.id=?
Hibernate: select tag0_.key as key1_1_0_, tag0_.value as value2_1_0_ from tag tag0_ where tag0_.key=? and tag0_.value=?
Hibernate: select node0_.id as id1_0_0_, node0_.change_set as change_s2_0_0_, node0_.latitude as latitude3_0_0_, node0_.longitude as longitud4_0_0_, node0_.owner as owner5_0_0_, node0_.timestamp as timestam6_0_0_, node0_.uid as uid7_0_0_, node0_.version as version8_0_0_, node0_.visible as visible9_0_0_ from node node0_ where node0_.id=?
Hibernate: select node0_.id as id1_0_1_, node0_.change_set as change_s2_0_1_, node0_.latitude as latitude3_0_1_, node0_.longitude as longitud4_0_1_, node0_.owner as owner5_0_1_, node0_.timestamp as timestam6_0_1_, node0_.uid as uid7_0_1_, node0_.version as version8_0_1_, node0_.visible as visible9_0_1_, tags1_.nodes_id as nodes_id3_2_3_, tag2_.key as tags_key1_2_3_, tag2_.value as tags_val2_2_3_, tag2_.key as key1_1_0_, tag2_.value as value2_1_0_ from node node0_ left outer join tag_nodes tags1_ on node0_.id=tags1_.nodes_id left outer join tag tag2_ on tags1_.tags_key=tag2_.key and tags1_.tags_value=tag2_.value where node0_.id=?
Hibernate: insert into node (change_set, latitude, longitude, owner, timestamp, uid, version, visible, id) values (?, ?, ?, ?, ?, ?, ?, ?, ?)
Hibernate: insert into tag (key, value) values (?, ?)
Hibernate: insert into node (change_set, latitude, longitude, owner, timestamp, uid, version, visible, id) values (?, ?, ?, ?, ?, ?, ?, ?, ?)
Hibernate: insert into tag_nodes (tags_key, tags_value, nodes_id) values (?, ?, ?)
Hibernate: insert into tag_nodes (tags_key, tags_value, nodes_id) values (?, ?, ?)
Hibernate: select tag0_.key as key1_1_0_, tag0_.value as value2_1_0_, node2_.id as id1_0_1_, node2_.change_set as change_s2_0_1_, node2_.latitude as latitude3_0_1_, node2_.longitude as longitud4_0_1_, node2_.owner as owner5_0_1_, node2_.timestamp as timestam6_0_1_, node2_.uid as uid7_0_1_, node2_.version as version8_0_1_, node2_.visible as visible9_0_1_, nodes1_.tags_key as tags_key1_2_0__, nodes1_.tags_value as tags_val2_2_0__, nodes1_.nodes_id as nodes_id3_2_0__ from tag tag0_ left outer join tag_nodes nodes1_ on tag0_.key=nodes1_.tags_key and tag0_.value=nodes1_.tags_value left outer join node node2_ on nodes1_.nodes_id=node2_.id
2021-04-28 01:17:55.061  INFO 5778 --- [    Test worker] o.s.t.c.transaction.TransactionContext   : Rolled back transaction for test: [DefaultTestContext@56e2a216 testClass = NodeServiceIntegrationTest, testInstance = ru.nsu.ccfit.khudyakov.lab3.osm.nodes.NodeServiceIntegrationTest@7d14bedd, testMethod = nodeService_saveNodeWithUpdateAlreadySavedChildTag_childMerged@NodeServiceIntegrationTest, testException = [null], mergedContextConfiguration = [WebMergedContextConfiguration@678f6df2 testClass = NodeServiceIntegrationTest, locations = '{}', classes = '{class ru.nsu.ccfit.khudyakov.lab3.MainApplication}', contextInitializerClasses = '[]', activeProfiles = '{test}', propertySourceLocations = '{}', propertySourceProperties = '{org.springframework.boot.test.context.SpringBootTestContextBootstrapper=true}', contextCustomizers = set[org.springframework.boot.test.autoconfigure.actuate.metrics.MetricsExportContextCustomizerFactory$DisableMetricExportContextCustomizer@1e06c476, org.springframework.boot.test.autoconfigure.properties.PropertyMappingContextCustomizer@0, org.springframework.boot.test.autoconfigure.web.servlet.WebDriverContextCustomizerFactory$Customizer@50c13e63, org.springframework.boot.test.context.filter.ExcludeFilterContextCustomizer@58c46875, org.springframework.boot.test.json.DuplicateJsonObjectContextCustomizerFactory$DuplicateJsonObjectContextCustomizer@9225de0, org.springframework.boot.test.mock.mockito.MockitoContextCustomizer@0, org.springframework.boot.test.web.client.TestRestTemplateContextCustomizer@7eb4eb7c, org.springframework.boot.test.context.SpringBootTestArgs@1, org.springframework.boot.test.context.SpringBootTestWebEnvironment@4de20b91], resourceBasePath = 'src/main/webapp', contextLoader = 'org.springframework.boot.test.context.SpringBootContextLoader', parent = [null]], attributes = map['org.springframework.test.context.web.ServletTestExecutionListener.activateListener' -> true, 'org.springframework.test.context.web.ServletTestExecutionListener.populatedRequestContextHolder' -> true, 'org.springframework.test.context.web.ServletTestExecutionListener.resetRequestContextHolder' -> true, 'org.springframework.test.context.event.ApplicationEventsTestExecutionListener.recordApplicationEvents' -> false]]
2021-04-28 01:17:55.065  INFO 5778 --- [    Test worker] o.s.t.c.transaction.TransactionContext   : Began transaction (1) for test context [DefaultTestContext@56e2a216 testClass = NodeServiceIntegrationTest, testInstance = ru.nsu.ccfit.khudyakov.lab3.osm.nodes.NodeServiceIntegrationTest@1acc6aae, testMethod = nodeService_saveNodeWithUnsavedChildTag_childSaved@NodeServiceIntegrationTest, testException = [null], mergedContextConfiguration = [WebMergedContextConfiguration@678f6df2 testClass = NodeServiceIntegrationTest, locations = '{}', classes = '{class ru.nsu.ccfit.khudyakov.lab3.MainApplication}', contextInitializerClasses = '[]', activeProfiles = '{test}', propertySourceLocations = '{}', propertySourceProperties = '{org.springframework.boot.test.context.SpringBootTestContextBootstrapper=true}', contextCustomizers = set[org.springframework.boot.test.autoconfigure.actuate.metrics.MetricsExportContextCustomizerFactory$DisableMetricExportContextCustomizer@1e06c476, org.springframework.boot.test.autoconfigure.properties.PropertyMappingContextCustomizer@0, org.springframework.boot.test.autoconfigure.web.servlet.WebDriverContextCustomizerFactory$Customizer@50c13e63, org.springframework.boot.test.context.filter.ExcludeFilterContextCustomizer@58c46875, org.springframework.boot.test.json.DuplicateJsonObjectContextCustomizerFactory$DuplicateJsonObjectContextCustomizer@9225de0, org.springframework.boot.test.mock.mockito.MockitoContextCustomizer@0, org.springframework.boot.test.web.client.TestRestTemplateContextCustomizer@7eb4eb7c, org.springframework.boot.test.context.SpringBootTestArgs@1, org.springframework.boot.test.context.SpringBootTestWebEnvironment@4de20b91], resourceBasePath = 'src/main/webapp', contextLoader = 'org.springframework.boot.test.context.SpringBootContextLoader', parent = [null]], attributes = map['org.springframework.test.context.web.ServletTestExecutionListener.activateListener' -> true, 'org.springframework.test.context.web.ServletTestExecutionListener.populatedRequestContextHolder' -> true, 'org.springframework.test.context.web.ServletTestExecutionListener.resetRequestContextHolder' -> true, 'org.springframework.test.context.event.ApplicationEventsTestExecutionListener.recordApplicationEvents' -> false]]; transaction manager [org.springframework.orm.jpa.JpaTransactionManager@8a7d426]; rollback [true]
Hibernate: select node0_.id as id1_0_0_, node0_.change_set as change_s2_0_0_, node0_.latitude as latitude3_0_0_, node0_.longitude as longitud4_0_0_, node0_.owner as owner5_0_0_, node0_.timestamp as timestam6_0_0_, node0_.uid as uid7_0_0_, node0_.version as version8_0_0_, node0_.visible as visible9_0_0_ from node node0_ where node0_.id=?
Hibernate: select tag0_.key as key1_1_0_, tag0_.value as value2_1_0_ from tag tag0_ where tag0_.key=? and tag0_.value=?
Hibernate: select node0_.id as id1_0_1_, node0_.change_set as change_s2_0_1_, node0_.latitude as latitude3_0_1_, node0_.longitude as longitud4_0_1_, node0_.owner as owner5_0_1_, node0_.timestamp as timestam6_0_1_, node0_.uid as uid7_0_1_, node0_.version as version8_0_1_, node0_.visible as visible9_0_1_, tags1_.nodes_id as nodes_id3_2_3_, tag2_.key as tags_key1_2_3_, tag2_.value as tags_val2_2_3_, tag2_.key as key1_1_0_, tag2_.value as value2_1_0_ from node node0_ left outer join tag_nodes tags1_ on node0_.id=tags1_.nodes_id left outer join tag tag2_ on tags1_.tags_key=tag2_.key and tags1_.tags_value=tag2_.value where node0_.id=?
Hibernate: select tag0_.key as key1_1_0_, tag0_.value as value2_1_0_ from tag tag0_ where tag0_.key=? and tag0_.value=?
Hibernate: insert into node (change_set, latitude, longitude, owner, timestamp, uid, version, visible, id) values (?, ?, ?, ?, ?, ?, ?, ?, ?)
Hibernate: insert into tag (key, value) values (?, ?)
Hibernate: insert into tag_nodes (tags_key, tags_value, nodes_id) values (?, ?, ?)
Hibernate: select count(*) as col_0_0_ from node node0_ where node0_.id=?
2021-04-28 01:17:55.089  INFO 5778 --- [    Test worker] o.s.t.c.transaction.TransactionContext   : Rolled back transaction for test: [DefaultTestContext@56e2a216 testClass = NodeServiceIntegrationTest, testInstance = ru.nsu.ccfit.khudyakov.lab3.osm.nodes.NodeServiceIntegrationTest@1acc6aae, testMethod = nodeService_saveNodeWithUnsavedChildTag_childSaved@NodeServiceIntegrationTest, testException = [null], mergedContextConfiguration = [WebMergedContextConfiguration@678f6df2 testClass = NodeServiceIntegrationTest, locations = '{}', classes = '{class ru.nsu.ccfit.khudyakov.lab3.MainApplication}', contextInitializerClasses = '[]', activeProfiles = '{test}', propertySourceLocations = '{}', propertySourceProperties = '{org.springframework.boot.test.context.SpringBootTestContextBootstrapper=true}', contextCustomizers = set[org.springframework.boot.test.autoconfigure.actuate.metrics.MetricsExportContextCustomizerFactory$DisableMetricExportContextCustomizer@1e06c476, org.springframework.boot.test.autoconfigure.properties.PropertyMappingContextCustomizer@0, org.springframework.boot.test.autoconfigure.web.servlet.WebDriverContextCustomizerFactory$Customizer@50c13e63, org.springframework.boot.test.context.filter.ExcludeFilterContextCustomizer@58c46875, org.springframework.boot.test.json.DuplicateJsonObjectContextCustomizerFactory$DuplicateJsonObjectContextCustomizer@9225de0, org.springframework.boot.test.mock.mockito.MockitoContextCustomizer@0, org.springframework.boot.test.web.client.TestRestTemplateContextCustomizer@7eb4eb7c, org.springframework.boot.test.context.SpringBootTestArgs@1, org.springframework.boot.test.context.SpringBootTestWebEnvironment@4de20b91], resourceBasePath = 'src/main/webapp', contextLoader = 'org.springframework.boot.test.context.SpringBootContextLoader', parent = [null]], attributes = map['org.springframework.test.context.web.ServletTestExecutionListener.activateListener' -> true, 'org.springframework.test.context.web.ServletTestExecutionListener.populatedRequestContextHolder' -> true, 'org.springframework.test.context.web.ServletTestExecutionListener.resetRequestContextHolder' -> true, 'org.springframework.test.context.event.ApplicationEventsTestExecutionListener.recordApplicationEvents' -> false]]
]]></system-out>
  <system-err><![CDATA[log4j:WARN No appenders could be found for logger (org.jboss.logging).
log4j:WARN Please initialize the log4j system properly.
log4j:WARN See http://logging.apache.org/log4j/1.2/faq.html#noconfig for more info.
]]></system-err>
</testsuite>
